<?xml version="1.0" encoding="UTF-8"?>
<!-- Generated by org.testng.reporters.JUnitReportReporter -->
<testsuite hostname="LAPTOP-UAJF2A06" failures="0" tests="3" name="testing.P2" time="0.003" errors="0" timestamp="2022-05-26T20:48:42 IST" skipped="0">
  <testcase classname="testing.P2" name="chickoo" time="0.001"/>
  <system-out/>
  <testcase classname="testing.P2" name="apple" time="0.001"/>
  <system-out/>
  <testcase classname="testing.P2" name="banana" time="0.001"/>
  <system-out/>
</testsuite> <!-- testing.P2 -->
