<?xml version="1.0" encoding="UTF-8"?>
<!-- Generated by org.testng.reporters.JUnitReportReporter -->
<testsuite hostname="LAPTOP-UAJF2A06" failures="0" tests="2" name="testing.Vishhuuuuuuuuuu" time="15.542" errors="0" timestamp="2022-09-16T20:44:55 IST" skipped="0">
  <testcase classname="testing.Vishhuuuuuuuuuu" name="filpkart" time="8.968"/>
  <system-out/>
  <testcase classname="testing.Vishhuuuuuuuuuu" name="hiddenpopup" time="6.574"/>
  <system-out/>
</testsuite> <!-- testing.Vishhuuuuuuuuuu -->
