<?xml version="1.0" encoding="UTF-8"?>
<!-- Generated by org.testng.reporters.JUnitReportReporter -->
<testsuite hostname="LAPTOP-UAJF2A06" failures="0" tests="2" name="testing.Actitime" time="29.093" errors="0" timestamp="2022-06-15T09:23:10 IST" skipped="0">
  <testcase classname="testing.Actitime" name="Openpage" time="21.532"/>
  <system-out/>
  <testcase classname="testing.Actitime" name="loginpage" time="7.561"/>
  <system-out/>
</testsuite> <!-- testing.Actitime -->
