<?xml version="1.0" encoding="UTF-8"?>
<!-- Generated by org.testng.reporters.JUnitReportReporter -->
<testsuite hostname="LAPTOP-UAJF2A06" failures="0" tests="12" name="testing.P3" time="0.012" errors="0" timestamp="2022-05-26T20:48:42 IST" skipped="0">
  <testcase classname="testing.P3" name="dog" time="0.000"/>
  <system-out/>
  <testcase classname="testing.P3" name="dog" time="0.002"/>
  <system-out/>
  <testcase classname="testing.P3" name="cat" time="0.001"/>
  <system-out/>
  <testcase classname="testing.P3" name="dog" time="0.001"/>
  <system-out/>
  <testcase classname="testing.P3" name="cat" time="0.001"/>
  <system-out/>
  <testcase classname="testing.P3" name="dog" time="0.000"/>
  <system-out/>
  <testcase classname="testing.P3" name="dog" time="0.002"/>
  <system-out/>
  <testcase classname="testing.P3" name="cat" time="0.001"/>
  <system-out/>
  <testcase classname="testing.P3" name="cat" time="0.002"/>
  <system-out/>
  <testcase classname="testing.P3" name="cow" time="0.000"/>
  <system-out/>
  <testcase classname="testing.P3" name="cow" time="0.001"/>
  <system-out/>
  <testcase classname="testing.P3" name="cow" time="0.001"/>
  <system-out/>
</testsuite> <!-- testing.P3 -->
