<?xml version="1.0" encoding="UTF-8"?>
<!-- Generated by org.testng.reporters.JUnitReportReporter -->
<testsuite hostname="LAPTOP-UAJF2A06" failures="0" tests="19" name="testing.P8" time="0.015" errors="0" timestamp="2022-05-26T20:48:42 IST" skipped="0">
  <testcase classname="testing.P8" name="Dairymilk" time="0.001"/>
  <system-out/>
  <testcase classname="testing.P8" name="Dairymilk" time="0.001"/>
  <system-out/>
  <testcase classname="testing.P8" name="Dairymilk" time="0.001"/>
  <system-out/>
  <testcase classname="testing.P8" name="Dairymilk" time="0.000"/>
  <system-out/>
  <testcase classname="testing.P8" name="Dairymilk" time="0.001"/>
  <system-out/>
  <testcase classname="testing.P8" name="Kitkat" time="0.002"/>
  <system-out/>
  <testcase classname="testing.P8" name="Kitkat" time="0.001"/>
  <system-out/>
  <testcase classname="testing.P8" name="Kitkat" time="0.001"/>
  <system-out/>
  <testcase classname="testing.P8" name="Kitkat" time="0.001"/>
  <system-out/>
  <testcase classname="testing.P8" name="Kitkat" time="0.001"/>
  <system-out/>
  <testcase classname="testing.P8" name="Kitkat" time="0.001"/>
  <system-out/>
  <testcase classname="testing.P8" name="Kitkat" time="0.001"/>
  <system-out/>
  <testcase classname="testing.P8" name="Kitkat" time="0.000"/>
  <system-out/>
  <testcase classname="testing.P8" name="Milkibar" time="0.000"/>
  <system-out/>
  <testcase classname="testing.P8" name="Milkibar" time="0.000"/>
  <system-out/>
  <testcase classname="testing.P8" name="Milkibar" time="0.001"/>
  <system-out/>
  <testcase classname="testing.P8" name="Milkibar" time="0.001"/>
  <system-out/>
  <testcase classname="testing.P8" name="Milkibar" time="0.000"/>
  <system-out/>
  <testcase classname="testing.P8" name="Milkibar" time="0.001"/>
  <system-out/>
</testsuite> <!-- testing.P8 -->
