<?xml version="1.0" encoding="UTF-8"?>
<!-- Generated by org.testng.reporters.JUnitReportReporter -->
<testsuite hostname="LAPTOP-UAJF2A06" failures="0" tests="3" name="testing.P5" time="0.001" errors="0" timestamp="2022-05-26T20:48:42 IST" skipped="0">
  <testcase classname="testing.P5" name="carrot" time="0.000"/>
  <system-out>
    <![CDATA[carrot]]>
  </system-out>
  <testcase classname="testing.P5" name="tomato" time="0.000"/>
  <system-out>
    <![CDATA[tomato]]>
  </system-out>
  <testcase classname="testing.P5" name="bhindi" time="0.001"/>
  <system-out>
    <![CDATA[bhindi]]>
  </system-out>
</testsuite> <!-- testing.P5 -->
