<?xml version="1.0" encoding="UTF-8"?>
<!-- Generated by org.testng.reporters.JUnitReportReporter -->
<testsuite hostname="LAPTOP-UAJF2A06" failures="0" tests="3" name="testing.Meesho" time="31.491" errors="0" timestamp="2022-06-11T22:35:14 IST" skipped="0">
  <testcase classname="testing.Meesho" name="openpage" time="2.221"/>
  <system-out/>
  <testcase classname="testing.Meesho" name="homepage" time="20.622"/>
  <system-out/>
  <testcase classname="testing.Meesho" name="closepage" time="8.648"/>
  <system-out/>
</testsuite> <!-- testing.Meesho -->
