<?xml version="1.0" encoding="UTF-8"?>
<!-- Generated by org.testng.reporters.JUnitReportReporter -->
<testsuite hostname="LAPTOP-UAJF2A06" failures="0" tests="3" name="testing.Testo" time="29.878" errors="0" timestamp="2022-08-12T22:28:18 IST" skipped="0">
  <testcase classname="testing.Testo" name="P1" time="5.733"/>
  <system-out/>
  <testcase classname="testing.Testo" name="P2" time="12.144"/>
  <system-out/>
  <testcase classname="testing.Testo" name="P3" time="12.001"/>
  <system-out/>
</testsuite> <!-- testing.Testo -->
