<?xml version="1.0" encoding="UTF-8"?>
<!-- Generated by org.testng.reporters.JUnitReportReporter -->
<testsuite hostname="LAPTOP-UAJF2A06" failures="0" tests="2" name="testing.P1" time="0.002" errors="0" timestamp="2022-05-26T20:48:42 IST" skipped="0">
  <testcase classname="testing.P1" name="apple" time="0.001"/>
  <system-out/>
  <testcase classname="testing.P1" name="chickoo" time="0.001"/>
  <system-out/>
</testsuite> <!-- testing.P1 -->
