<?xml version="1.0" encoding="UTF-8"?>
<!-- Generated by org.testng.reporters.JUnitReportReporter -->
<testsuite hostname="LAPTOP-UAJF2A06" failures="0" tests="3" name="testing.Youtube" time="36.749" errors="0" timestamp="2022-07-10T19:03:54 IST" skipped="0">
  <testcase classname="testing.Youtube" name="Openpage" time="2.388"/>
  <system-out/>
  <testcase classname="testing.Youtube" name="Youtubeopenpg" time="12.035"/>
  <system-out/>
  <testcase classname="testing.Youtube" name="palysong" time="22.326"/>
  <system-out/>
</testsuite> <!-- testing.Youtube -->
