<?xml version="1.0" encoding="UTF-8"?>
<!-- Generated by org.testng.reporters.JUnitReportReporter -->
<testsuite hostname="LAPTOP-UAJF2A06" failures="0" tests="3" name="testing.P4" time="7.926" errors="0" timestamp="2022-05-26T20:48:42 IST" skipped="0">
  <testcase classname="testing.P4" name="openpage" time="4.316"/>
  <system-out/>
  <testcase classname="testing.P4" name="testgoogle" time="1.463"/>
  <system-out/>
  <testcase classname="testing.P4" name="close" time="2.147"/>
  <system-out/>
</testsuite> <!-- testing.P4 -->
