<?xml version="1.0" encoding="UTF-8"?>
<!-- Generated by org.testng.reporters.JUnitReportReporter -->
<testsuite hostname="LAPTOP-UAJF2A06" failures="0" tests="14" name="testing.Sample" time="0.024" errors="0" timestamp="2022-06-06T09:24:58 IST" skipped="0">
  <testcase classname="testing.Sample" name="kitkat" time="0.002"/>
  <system-out>
    <![CDATA[Nastle]]>
  </system-out>
  <testcase classname="testing.Sample" name="kitkat" time="0.009"/>
  <system-out>
    <![CDATA[Nastle]]>
  </system-out>
  <testcase classname="testing.Sample" name="kitkat" time="0.000"/>
  <system-out>
    <![CDATA[Nastle]]>
  </system-out>
  <testcase classname="testing.Sample" name="kitkat" time="0.002"/>
  <system-out>
    <![CDATA[Nastle]]>
  </system-out>
  <testcase classname="testing.Sample" name="kitkat" time="0.001"/>
  <system-out>
    <![CDATA[Nastle]]>
  </system-out>
  <testcase classname="testing.Sample" name="Milkibar" time="0.001"/>
  <system-out>
    <![CDATA[Nastle]]>
  </system-out>
  <testcase classname="testing.Sample" name="Milkibar" time="0.001"/>
  <system-out>
    <![CDATA[Nastle]]>
  </system-out>
  <testcase classname="testing.Sample" name="Milkibar" time="0.001"/>
  <system-out>
    <![CDATA[Nastle]]>
  </system-out>
  <testcase classname="testing.Sample" name="Milkibar" time="0.002"/>
  <system-out>
    <![CDATA[Nastle]]>
  </system-out>
  <testcase classname="testing.Sample" name="Milkibar" time="0.001"/>
  <system-out>
    <![CDATA[Nastle]]>
  </system-out>
  <testcase classname="testing.Sample" name="Milkibar" time="0.002"/>
  <system-out>
    <![CDATA[Nastle]]>
  </system-out>
  <testcase classname="testing.Sample" name="Hustlenut" time="0.002"/>
  <system-out>
    <![CDATA[Nastle]]>
  </system-out>
  <testcase classname="testing.Sample" name="Hustlenut" time="0.000"/>
  <system-out>
    <![CDATA[Nastle]]>
  </system-out>
  <testcase classname="testing.Sample" name="Hustlenut" time="0.000"/>
  <system-out>
    <![CDATA[Nastle]]>
  </system-out>
</testsuite> <!-- testing.Sample -->
