<?xml version="1.0" encoding="UTF-8"?>
<!-- Generated by org.testng.reporters.JUnitReportReporter -->
<testsuite hostname="LAPTOP-UAJF2A06" failures="0" tests="3" name="testing.Filpkart" time="42.737" errors="0" timestamp="2022-06-12T20:46:52 IST" skipped="0">
  <testcase classname="testing.Filpkart" name="OpenBrowser" time="1.766"/>
  <system-out/>
  <testcase classname="testing.Filpkart" name="Filpk" time="9.710"/>
  <system-out/>
  <testcase classname="testing.Filpkart" name="closepage" time="31.261"/>
  <system-out/>
</testsuite> <!-- testing.Filpkart -->
